<?xml version="1.0" encoding="UTF-8"?>
<testsuite xmlns:xsi="http://www.w3.org/2001/XMLSchema-instance" xsi:noNamespaceSchemaLocation="https://maven.apache.org/surefire/maven-surefire-plugin/xsd/surefire-test-report.xsd" name="com.example.telproject.service.ManagerServiceTest" time="0.099" tests="10" errors="0" skipped="0" failures="0">
  <properties>
    <property name="java.specification.version" value="19"/>
    <property name="sun.jnu.encoding" value="UTF-8"/>
    <property name="java.class.path" value="/Users/sergejivanov/IdeaProjects/TelProject/target/test-classes:/Users/sergejivanov/IdeaProjects/TelProject/target/classes:/Users/sergejivanov/.m2/repository/org/springframework/boot/spring-boot-starter-data-jdbc/3.0.3/spring-boot-starter-data-jdbc-3.0.3.jar:/Users/sergejivanov/.m2/repository/org/springframework/boot/spring-boot-starter-jdbc/3.0.3/spring-boot-starter-jdbc-3.0.3.jar:/Users/sergejivanov/.m2/repository/com/zaxxer/HikariCP/5.0.1/HikariCP-5.0.1.jar:/Users/sergejivanov/.m2/repository/org/springframework/spring-jdbc/6.0.5/spring-jdbc-6.0.5.jar:/Users/sergejivanov/.m2/repository/org/springframework/data/spring-data-jdbc/3.0.2/spring-data-jdbc-3.0.2.jar:/Users/sergejivanov/.m2/repository/org/springframework/data/spring-data-relational/3.0.2/spring-data-relational-3.0.2.jar:/Users/sergejivanov/.m2/repository/org/springframework/data/spring-data-commons/3.0.2/spring-data-commons-3.0.2.jar:/Users/sergejivanov/.m2/repository/org/springframework/spring-tx/6.0.5/spring-tx-6.0.5.jar:/Users/sergejivanov/.m2/repository/org/slf4j/slf4j-api/2.0.6/slf4j-api-2.0.6.jar:/Users/sergejivanov/.m2/repository/org/springframework/boot/spring-boot-starter-data-jpa/3.0.3/spring-boot-starter-data-jpa-3.0.3.jar:/Users/sergejivanov/.m2/repository/org/springframework/boot/spring-boot-starter-aop/3.0.3/spring-boot-starter-aop-3.0.3.jar:/Users/sergejivanov/.m2/repository/org/aspectj/aspectjweaver/1.9.19/aspectjweaver-1.9.19.jar:/Users/sergejivanov/.m2/repository/org/springframework/data/spring-data-jpa/3.0.2/spring-data-jpa-3.0.2.jar:/Users/sergejivanov/.m2/repository/org/springframework/spring-orm/6.0.5/spring-orm-6.0.5.jar:/Users/sergejivanov/.m2/repository/jakarta/annotation/jakarta.annotation-api/2.1.1/jakarta.annotation-api-2.1.1.jar:/Users/sergejivanov/.m2/repository/org/springframework/spring-aspects/6.0.5/spring-aspects-6.0.5.jar:/Users/sergejivanov/.m2/repository/org/springframework/security/spring-security-config/6.0.2/spring-security-config-6.0.2.jar:/Users/sergejivanov/.m2/repository/org/springframework/security/spring-security-core/6.0.2/spring-security-core-6.0.2.jar:/Users/sergejivanov/.m2/repository/org/springframework/security/spring-security-crypto/6.0.2/spring-security-crypto-6.0.2.jar:/Users/sergejivanov/.m2/repository/org/springframework/spring-expression/6.0.5/spring-expression-6.0.5.jar:/Users/sergejivanov/.m2/repository/io/micrometer/micrometer-observation/1.10.4/micrometer-observation-1.10.4.jar:/Users/sergejivanov/.m2/repository/io/micrometer/micrometer-commons/1.10.4/micrometer-commons-1.10.4.jar:/Users/sergejivanov/.m2/repository/org/springframework/spring-aop/6.0.5/spring-aop-6.0.5.jar:/Users/sergejivanov/.m2/repository/org/springframework/spring-beans/6.0.5/spring-beans-6.0.5.jar:/Users/sergejivanov/.m2/repository/org/springframework/spring-context/6.0.5/spring-context-6.0.5.jar:/Users/sergejivanov/.m2/repository/org/springframework/spring-core/6.0.5/spring-core-6.0.5.jar:/Users/sergejivanov/.m2/repository/org/springframework/spring-jcl/6.0.5/spring-jcl-6.0.5.jar:/Users/sergejivanov/.m2/repository/org/springframework/boot/spring-boot-starter-web/3.0.3/spring-boot-starter-web-3.0.3.jar:/Users/sergejivanov/.m2/repository/org/springframework/boot/spring-boot-starter/3.0.3/spring-boot-starter-3.0.3.jar:/Users/sergejivanov/.m2/repository/org/springframework/boot/spring-boot/3.0.3/spring-boot-3.0.3.jar:/Users/sergejivanov/.m2/repository/org/springframework/boot/spring-boot-autoconfigure/3.0.3/spring-boot-autoconfigure-3.0.3.jar:/Users/sergejivanov/.m2/repository/org/springframework/boot/spring-boot-starter-logging/3.0.3/spring-boot-starter-logging-3.0.3.jar:/Users/sergejivanov/.m2/repository/ch/qos/logback/logback-classic/1.4.5/logback-classic-1.4.5.jar:/Users/sergejivanov/.m2/repository/ch/qos/logback/logback-core/1.4.5/logback-core-1.4.5.jar:/Users/sergejivanov/.m2/repository/org/apache/logging/log4j/log4j-to-slf4j/2.19.0/log4j-to-slf4j-2.19.0.jar:/Users/sergejivanov/.m2/repository/org/apache/logging/log4j/log4j-api/2.19.0/log4j-api-2.19.0.jar:/Users/sergejivanov/.m2/repository/org/slf4j/jul-to-slf4j/2.0.6/jul-to-slf4j-2.0.6.jar:/Users/sergejivanov/.m2/repository/org/yaml/snakeyaml/1.33/snakeyaml-1.33.jar:/Users/sergejivanov/.m2/repository/org/springframework/boot/spring-boot-starter-json/3.0.3/spring-boot-starter-json-3.0.3.jar:/Users/sergejivanov/.m2/repository/com/fasterxml/jackson/core/jackson-databind/2.14.2/jackson-databind-2.14.2.jar:/Users/sergejivanov/.m2/repository/com/fasterxml/jackson/core/jackson-annotations/2.14.2/jackson-annotations-2.14.2.jar:/Users/sergejivanov/.m2/repository/com/fasterxml/jackson/core/jackson-core/2.14.2/jackson-core-2.14.2.jar:/Users/sergejivanov/.m2/repository/com/fasterxml/jackson/datatype/jackson-datatype-jdk8/2.14.2/jackson-datatype-jdk8-2.14.2.jar:/Users/sergejivanov/.m2/repository/com/fasterxml/jackson/datatype/jackson-datatype-jsr310/2.14.2/jackson-datatype-jsr310-2.14.2.jar:/Users/sergejivanov/.m2/repository/com/fasterxml/jackson/module/jackson-module-parameter-names/2.14.2/jackson-module-parameter-names-2.14.2.jar:/Users/sergejivanov/.m2/repository/org/springframework/boot/spring-boot-starter-tomcat/3.0.3/spring-boot-starter-tomcat-3.0.3.jar:/Users/sergejivanov/.m2/repository/org/apache/tomcat/embed/tomcat-embed-core/10.1.5/tomcat-embed-core-10.1.5.jar:/Users/sergejivanov/.m2/repository/org/apache/tomcat/embed/tomcat-embed-websocket/10.1.5/tomcat-embed-websocket-10.1.5.jar:/Users/sergejivanov/.m2/repository/org/springframework/spring-web/6.0.5/spring-web-6.0.5.jar:/Users/sergejivanov/.m2/repository/org/springframework/spring-webmvc/6.0.5/spring-webmvc-6.0.5.jar:/Users/sergejivanov/.m2/repository/org/springframework/boot/spring-boot-starter-mail/3.0.3/spring-boot-starter-mail-3.0.3.jar:/Users/sergejivanov/.m2/repository/org/springframework/spring-context-support/6.0.5/spring-context-support-6.0.5.jar:/Users/sergejivanov/.m2/repository/org/eclipse/angus/jakarta.mail/1.0.0/jakarta.mail-1.0.0.jar:/Users/sergejivanov/.m2/repository/jakarta/activation/jakarta.activation-api/2.1.1/jakarta.activation-api-2.1.1.jar:/Users/sergejivanov/.m2/repository/org/eclipse/angus/angus-activation/2.0.0/angus-activation-2.0.0.jar:/Users/sergejivanov/.m2/repository/org/springframework/boot/spring-boot-starter-security/3.0.4/spring-boot-starter-security-3.0.4.jar:/Users/sergejivanov/.m2/repository/org/springframework/security/spring-security-web/6.0.2/spring-security-web-6.0.2.jar:/Users/sergejivanov/.m2/repository/org/springframework/security/spring-security-test/6.0.2/spring-security-test-6.0.2.jar:/Users/sergejivanov/.m2/repository/org/springframework/spring-test/6.0.5/spring-test-6.0.5.jar:/Users/sergejivanov/.m2/repository/org/springframework/boot/spring-boot-starter-test/3.0.3/spring-boot-starter-test-3.0.3.jar:/Users/sergejivanov/.m2/repository/org/springframework/boot/spring-boot-test/3.0.3/spring-boot-test-3.0.3.jar:/Users/sergejivanov/.m2/repository/org/springframework/boot/spring-boot-test-autoconfigure/3.0.3/spring-boot-test-autoconfigure-3.0.3.jar:/Users/sergejivanov/.m2/repository/com/jayway/jsonpath/json-path/2.7.0/json-path-2.7.0.jar:/Users/sergejivanov/.m2/repository/net/minidev/json-smart/2.4.8/json-smart-2.4.8.jar:/Users/sergejivanov/.m2/repository/net/minidev/accessors-smart/2.4.8/accessors-smart-2.4.8.jar:/Users/sergejivanov/.m2/repository/org/ow2/asm/asm/9.1/asm-9.1.jar:/Users/sergejivanov/.m2/repository/jakarta/xml/bind/jakarta.xml.bind-api/4.0.0/jakarta.xml.bind-api-4.0.0.jar:/Users/sergejivanov/.m2/repository/org/assertj/assertj-core/3.23.1/assertj-core-3.23.1.jar:/Users/sergejivanov/.m2/repository/org/hamcrest/hamcrest/2.2/hamcrest-2.2.jar:/Users/sergejivanov/.m2/repository/org/junit/jupiter/junit-jupiter/5.9.2/junit-jupiter-5.9.2.jar:/Users/sergejivanov/.m2/repository/org/junit/jupiter/junit-jupiter-api/5.9.2/junit-jupiter-api-5.9.2.jar:/Users/sergejivanov/.m2/repository/org/opentest4j/opentest4j/1.2.0/opentest4j-1.2.0.jar:/Users/sergejivanov/.m2/repository/org/junit/platform/junit-platform-commons/1.9.2/junit-platform-commons-1.9.2.jar:/Users/sergejivanov/.m2/repository/org/apiguardian/apiguardian-api/1.1.2/apiguardian-api-1.1.2.jar:/Users/sergejivanov/.m2/repository/org/junit/jupiter/junit-jupiter-params/5.9.2/junit-jupiter-params-5.9.2.jar:/Users/sergejivanov/.m2/repository/org/junit/jupiter/junit-jupiter-engine/5.9.2/junit-jupiter-engine-5.9.2.jar:/Users/sergejivanov/.m2/repository/org/junit/platform/junit-platform-engine/1.9.2/junit-platform-engine-1.9.2.jar:/Users/sergejivanov/.m2/repository/org/mockito/mockito-junit-jupiter/4.8.1/mockito-junit-jupiter-4.8.1.jar:/Users/sergejivanov/.m2/repository/org/skyscreamer/jsonassert/1.5.1/jsonassert-1.5.1.jar:/Users/sergejivanov/.m2/repository/com/vaadin/external/google/android-json/0.0.20131108.vaadin1/android-json-0.0.20131108.vaadin1.jar:/Users/sergejivanov/.m2/repository/org/xmlunit/xmlunit-core/2.9.1/xmlunit-core-2.9.1.jar:/Users/sergejivanov/.m2/repository/org/springframework/boot/spring-boot-starter-validation/3.0.3/spring-boot-starter-validation-3.0.3.jar:/Users/sergejivanov/.m2/repository/org/apache/tomcat/embed/tomcat-embed-el/10.1.5/tomcat-embed-el-10.1.5.jar:/Users/sergejivanov/.m2/repository/org/hibernate/validator/hibernate-validator/8.0.0.Final/hibernate-validator-8.0.0.Final.jar:/Users/sergejivanov/.m2/repository/jakarta/validation/jakarta.validation-api/3.0.2/jakarta.validation-api-3.0.2.jar:/Users/sergejivanov/.m2/repository/org/postgresql/postgresql/42.5.4/postgresql-42.5.4.jar:/Users/sergejivanov/.m2/repository/org/checkerframework/checker-qual/3.5.0/checker-qual-3.5.0.jar:/Users/sergejivanov/.m2/repository/commons-validator/commons-validator/1.7/commons-validator-1.7.jar:/Users/sergejivanov/.m2/repository/commons-beanutils/commons-beanutils/1.9.4/commons-beanutils-1.9.4.jar:/Users/sergejivanov/.m2/repository/commons-digester/commons-digester/2.1/commons-digester-2.1.jar:/Users/sergejivanov/.m2/repository/commons-logging/commons-logging/1.2/commons-logging-1.2.jar:/Users/sergejivanov/.m2/repository/commons-collections/commons-collections/3.2.2/commons-collections-3.2.2.jar:/Users/sergejivanov/.m2/repository/org/mockito/mockito-core/5.2.0/mockito-core-5.2.0.jar:/Users/sergejivanov/.m2/repository/net/bytebuddy/byte-buddy/1.12.23/byte-buddy-1.12.23.jar:/Users/sergejivanov/.m2/repository/net/bytebuddy/byte-buddy-agent/1.12.23/byte-buddy-agent-1.12.23.jar:/Users/sergejivanov/.m2/repository/org/objenesis/objenesis/3.3/objenesis-3.3.jar:/Users/sergejivanov/.m2/repository/org/projectlombok/lombok/1.18.26/lombok-1.18.26.jar:/Users/sergejivanov/.m2/repository/org/hibernate/orm/hibernate-core/6.1.7.Final/hibernate-core-6.1.7.Final.jar:/Users/sergejivanov/.m2/repository/jakarta/persistence/jakarta.persistence-api/3.1.0/jakarta.persistence-api-3.1.0.jar:/Users/sergejivanov/.m2/repository/jakarta/transaction/jakarta.transaction-api/2.0.1/jakarta.transaction-api-2.0.1.jar:/Users/sergejivanov/.m2/repository/org/jboss/logging/jboss-logging/3.5.0.Final/jboss-logging-3.5.0.Final.jar:/Users/sergejivanov/.m2/repository/org/hibernate/common/hibernate-commons-annotations/6.0.6.Final/hibernate-commons-annotations-6.0.6.Final.jar:/Users/sergejivanov/.m2/repository/org/jboss/jandex/2.4.2.Final/jandex-2.4.2.Final.jar:/Users/sergejivanov/.m2/repository/com/fasterxml/classmate/1.5.1/classmate-1.5.1.jar:/Users/sergejivanov/.m2/repository/org/glassfish/jaxb/jaxb-runtime/4.0.2/jaxb-runtime-4.0.2.jar:/Users/sergejivanov/.m2/repository/org/glassfish/jaxb/jaxb-core/4.0.2/jaxb-core-4.0.2.jar:/Users/sergejivanov/.m2/repository/org/glassfish/jaxb/txw2/4.0.2/txw2-4.0.2.jar:/Users/sergejivanov/.m2/repository/com/sun/istack/istack-commons-runtime/4.1.1/istack-commons-runtime-4.1.1.jar:/Users/sergejivanov/.m2/repository/jakarta/inject/jakarta.inject-api/2.0.0/jakarta.inject-api-2.0.0.jar:/Users/sergejivanov/.m2/repository/org/antlr/antlr4-runtime/4.10.1/antlr4-runtime-4.10.1.jar:/Users/sergejivanov/.m2/repository/org/mapstruct/mapstruct/1.5.3.Final/mapstruct-1.5.3.Final.jar:/Users/sergejivanov/.m2/repository/org/mapstruct/mapstruct-processor/1.5.3.Final/mapstruct-processor-1.5.3.Final.jar:/Users/sergejivanov/.m2/repository/net/andreinc/mockneat/0.4.8/mockneat-0.4.8.jar:/Users/sergejivanov/.m2/repository/org/apache/commons/commons-lang3/3.12.0/commons-lang3-3.12.0.jar:/Users/sergejivanov/.m2/repository/org/apache/commons/commons-text/1.9/commons-text-1.9.jar:/Users/sergejivanov/.m2/repository/commons-codec/commons-codec/1.15/commons-codec-1.15.jar:/Users/sergejivanov/.m2/repository/com/github/mifmif/generex/1.0.2/generex-1.0.2.jar:/Users/sergejivanov/.m2/repository/dk/brics/automaton/automaton/1.11-8/automaton-1.11-8.jar:/Users/sergejivanov/.m2/repository/net/andreinc/aleph/0.1.1/aleph-0.1.1.jar:/Users/sergejivanov/.m2/repository/net/andreinc/markovneat/1.8/markovneat-1.8.jar:/Users/sergejivanov/.m2/repository/org/springdoc/springdoc-openapi-starter-webmvc-ui/2.0.4/springdoc-openapi-starter-webmvc-ui-2.0.4.jar:/Users/sergejivanov/.m2/repository/org/springdoc/springdoc-openapi-starter-webmvc-api/2.0.4/springdoc-openapi-starter-webmvc-api-2.0.4.jar:/Users/sergejivanov/.m2/repository/org/springdoc/springdoc-openapi-starter-common/2.0.4/springdoc-openapi-starter-common-2.0.4.jar:/Users/sergejivanov/.m2/repository/io/swagger/core/v3/swagger-core-jakarta/2.2.8/swagger-core-jakarta-2.2.8.jar:/Users/sergejivanov/.m2/repository/io/swagger/core/v3/swagger-annotations-jakarta/2.2.8/swagger-annotations-jakarta-2.2.8.jar:/Users/sergejivanov/.m2/repository/io/swagger/core/v3/swagger-models-jakarta/2.2.8/swagger-models-jakarta-2.2.8.jar:/Users/sergejivanov/.m2/repository/com/fasterxml/jackson/dataformat/jackson-dataformat-yaml/2.14.2/jackson-dataformat-yaml-2.14.2.jar:/Users/sergejivanov/.m2/repository/org/webjars/webjars-locator-core/0.52/webjars-locator-core-0.52.jar:/Users/sergejivanov/.m2/repository/io/github/classgraph/classgraph/4.8.149/classgraph-4.8.149.jar:/Users/sergejivanov/.m2/repository/org/webjars/swagger-ui/4.18.1/swagger-ui-4.18.1.jar:/Users/sergejivanov/.m2/repository/javax/servlet/javax.servlet-api/4.0.1/javax.servlet-api-4.0.1.jar:/Users/sergejivanov/.m2/repository/org/aspectj/aspectjrt/1.9.5/aspectjrt-1.9.5.jar:"/>
    <property name="java.vm.vendor" value="Oracle Corporation"/>
    <property name="sun.arch.data.model" value="64"/>
    <property name="java.vendor.url" value="https://java.oracle.com/"/>
    <property name="os.name" value="Mac OS X"/>
    <property name="java.vm.specification.version" value="19"/>
    <property name="sun.java.launcher" value="SUN_STANDARD"/>
    <property name="user.country" value="UA"/>
    <property name="sun.boot.library.path" value="/Library/Java/JavaVirtualMachines/jdk-19.jdk/Contents/Home/lib"/>
    <property name="sun.java.command" value="/Users/sergejivanov/IdeaProjects/TelProject/target/surefire/surefirebooter8668837155439662605.jar /Users/sergejivanov/IdeaProjects/TelProject/target/surefire 2023-05-05T15-43-26_141-jvmRun1 surefire11767076012807070632tmp surefire_06380481395144286614tmp"/>
    <property name="http.nonProxyHosts" value="local|*.local|169.254/16|*.169.254/16"/>
    <property name="jdk.debug" value="release"/>
    <property name="surefire.test.class.path" value="/Users/sergejivanov/IdeaProjects/TelProject/target/test-classes:/Users/sergejivanov/IdeaProjects/TelProject/target/classes:/Users/sergejivanov/.m2/repository/org/springframework/boot/spring-boot-starter-data-jdbc/3.0.3/spring-boot-starter-data-jdbc-3.0.3.jar:/Users/sergejivanov/.m2/repository/org/springframework/boot/spring-boot-starter-jdbc/3.0.3/spring-boot-starter-jdbc-3.0.3.jar:/Users/sergejivanov/.m2/repository/com/zaxxer/HikariCP/5.0.1/HikariCP-5.0.1.jar:/Users/sergejivanov/.m2/repository/org/springframework/spring-jdbc/6.0.5/spring-jdbc-6.0.5.jar:/Users/sergejivanov/.m2/repository/org/springframework/data/spring-data-jdbc/3.0.2/spring-data-jdbc-3.0.2.jar:/Users/sergejivanov/.m2/repository/org/springframework/data/spring-data-relational/3.0.2/spring-data-relational-3.0.2.jar:/Users/sergejivanov/.m2/repository/org/springframework/data/spring-data-commons/3.0.2/spring-data-commons-3.0.2.jar:/Users/sergejivanov/.m2/repository/org/springframework/spring-tx/6.0.5/spring-tx-6.0.5.jar:/Users/sergejivanov/.m2/repository/org/slf4j/slf4j-api/2.0.6/slf4j-api-2.0.6.jar:/Users/sergejivanov/.m2/repository/org/springframework/boot/spring-boot-starter-data-jpa/3.0.3/spring-boot-starter-data-jpa-3.0.3.jar:/Users/sergejivanov/.m2/repository/org/springframework/boot/spring-boot-starter-aop/3.0.3/spring-boot-starter-aop-3.0.3.jar:/Users/sergejivanov/.m2/repository/org/aspectj/aspectjweaver/1.9.19/aspectjweaver-1.9.19.jar:/Users/sergejivanov/.m2/repository/org/springframework/data/spring-data-jpa/3.0.2/spring-data-jpa-3.0.2.jar:/Users/sergejivanov/.m2/repository/org/springframework/spring-orm/6.0.5/spring-orm-6.0.5.jar:/Users/sergejivanov/.m2/repository/jakarta/annotation/jakarta.annotation-api/2.1.1/jakarta.annotation-api-2.1.1.jar:/Users/sergejivanov/.m2/repository/org/springframework/spring-aspects/6.0.5/spring-aspects-6.0.5.jar:/Users/sergejivanov/.m2/repository/org/springframework/security/spring-security-config/6.0.2/spring-security-config-6.0.2.jar:/Users/sergejivanov/.m2/repository/org/springframework/security/spring-security-core/6.0.2/spring-security-core-6.0.2.jar:/Users/sergejivanov/.m2/repository/org/springframework/security/spring-security-crypto/6.0.2/spring-security-crypto-6.0.2.jar:/Users/sergejivanov/.m2/repository/org/springframework/spring-expression/6.0.5/spring-expression-6.0.5.jar:/Users/sergejivanov/.m2/repository/io/micrometer/micrometer-observation/1.10.4/micrometer-observation-1.10.4.jar:/Users/sergejivanov/.m2/repository/io/micrometer/micrometer-commons/1.10.4/micrometer-commons-1.10.4.jar:/Users/sergejivanov/.m2/repository/org/springframework/spring-aop/6.0.5/spring-aop-6.0.5.jar:/Users/sergejivanov/.m2/repository/org/springframework/spring-beans/6.0.5/spring-beans-6.0.5.jar:/Users/sergejivanov/.m2/repository/org/springframework/spring-context/6.0.5/spring-context-6.0.5.jar:/Users/sergejivanov/.m2/repository/org/springframework/spring-core/6.0.5/spring-core-6.0.5.jar:/Users/sergejivanov/.m2/repository/org/springframework/spring-jcl/6.0.5/spring-jcl-6.0.5.jar:/Users/sergejivanov/.m2/repository/org/springframework/boot/spring-boot-starter-web/3.0.3/spring-boot-starter-web-3.0.3.jar:/Users/sergejivanov/.m2/repository/org/springframework/boot/spring-boot-starter/3.0.3/spring-boot-starter-3.0.3.jar:/Users/sergejivanov/.m2/repository/org/springframework/boot/spring-boot/3.0.3/spring-boot-3.0.3.jar:/Users/sergejivanov/.m2/repository/org/springframework/boot/spring-boot-autoconfigure/3.0.3/spring-boot-autoconfigure-3.0.3.jar:/Users/sergejivanov/.m2/repository/org/springframework/boot/spring-boot-starter-logging/3.0.3/spring-boot-starter-logging-3.0.3.jar:/Users/sergejivanov/.m2/repository/ch/qos/logback/logback-classic/1.4.5/logback-classic-1.4.5.jar:/Users/sergejivanov/.m2/repository/ch/qos/logback/logback-core/1.4.5/logback-core-1.4.5.jar:/Users/sergejivanov/.m2/repository/org/apache/logging/log4j/log4j-to-slf4j/2.19.0/log4j-to-slf4j-2.19.0.jar:/Users/sergejivanov/.m2/repository/org/apache/logging/log4j/log4j-api/2.19.0/log4j-api-2.19.0.jar:/Users/sergejivanov/.m2/repository/org/slf4j/jul-to-slf4j/2.0.6/jul-to-slf4j-2.0.6.jar:/Users/sergejivanov/.m2/repository/org/yaml/snakeyaml/1.33/snakeyaml-1.33.jar:/Users/sergejivanov/.m2/repository/org/springframework/boot/spring-boot-starter-json/3.0.3/spring-boot-starter-json-3.0.3.jar:/Users/sergejivanov/.m2/repository/com/fasterxml/jackson/core/jackson-databind/2.14.2/jackson-databind-2.14.2.jar:/Users/sergejivanov/.m2/repository/com/fasterxml/jackson/core/jackson-annotations/2.14.2/jackson-annotations-2.14.2.jar:/Users/sergejivanov/.m2/repository/com/fasterxml/jackson/core/jackson-core/2.14.2/jackson-core-2.14.2.jar:/Users/sergejivanov/.m2/repository/com/fasterxml/jackson/datatype/jackson-datatype-jdk8/2.14.2/jackson-datatype-jdk8-2.14.2.jar:/Users/sergejivanov/.m2/repository/com/fasterxml/jackson/datatype/jackson-datatype-jsr310/2.14.2/jackson-datatype-jsr310-2.14.2.jar:/Users/sergejivanov/.m2/repository/com/fasterxml/jackson/module/jackson-module-parameter-names/2.14.2/jackson-module-parameter-names-2.14.2.jar:/Users/sergejivanov/.m2/repository/org/springframework/boot/spring-boot-starter-tomcat/3.0.3/spring-boot-starter-tomcat-3.0.3.jar:/Users/sergejivanov/.m2/repository/org/apache/tomcat/embed/tomcat-embed-core/10.1.5/tomcat-embed-core-10.1.5.jar:/Users/sergejivanov/.m2/repository/org/apache/tomcat/embed/tomcat-embed-websocket/10.1.5/tomcat-embed-websocket-10.1.5.jar:/Users/sergejivanov/.m2/repository/org/springframework/spring-web/6.0.5/spring-web-6.0.5.jar:/Users/sergejivanov/.m2/repository/org/springframework/spring-webmvc/6.0.5/spring-webmvc-6.0.5.jar:/Users/sergejivanov/.m2/repository/org/springframework/boot/spring-boot-starter-mail/3.0.3/spring-boot-starter-mail-3.0.3.jar:/Users/sergejivanov/.m2/repository/org/springframework/spring-context-support/6.0.5/spring-context-support-6.0.5.jar:/Users/sergejivanov/.m2/repository/org/eclipse/angus/jakarta.mail/1.0.0/jakarta.mail-1.0.0.jar:/Users/sergejivanov/.m2/repository/jakarta/activation/jakarta.activation-api/2.1.1/jakarta.activation-api-2.1.1.jar:/Users/sergejivanov/.m2/repository/org/eclipse/angus/angus-activation/2.0.0/angus-activation-2.0.0.jar:/Users/sergejivanov/.m2/repository/org/springframework/boot/spring-boot-starter-security/3.0.4/spring-boot-starter-security-3.0.4.jar:/Users/sergejivanov/.m2/repository/org/springframework/security/spring-security-web/6.0.2/spring-security-web-6.0.2.jar:/Users/sergejivanov/.m2/repository/org/springframework/security/spring-security-test/6.0.2/spring-security-test-6.0.2.jar:/Users/sergejivanov/.m2/repository/org/springframework/spring-test/6.0.5/spring-test-6.0.5.jar:/Users/sergejivanov/.m2/repository/org/springframework/boot/spring-boot-starter-test/3.0.3/spring-boot-starter-test-3.0.3.jar:/Users/sergejivanov/.m2/repository/org/springframework/boot/spring-boot-test/3.0.3/spring-boot-test-3.0.3.jar:/Users/sergejivanov/.m2/repository/org/springframework/boot/spring-boot-test-autoconfigure/3.0.3/spring-boot-test-autoconfigure-3.0.3.jar:/Users/sergejivanov/.m2/repository/com/jayway/jsonpath/json-path/2.7.0/json-path-2.7.0.jar:/Users/sergejivanov/.m2/repository/net/minidev/json-smart/2.4.8/json-smart-2.4.8.jar:/Users/sergejivanov/.m2/repository/net/minidev/accessors-smart/2.4.8/accessors-smart-2.4.8.jar:/Users/sergejivanov/.m2/repository/org/ow2/asm/asm/9.1/asm-9.1.jar:/Users/sergejivanov/.m2/repository/jakarta/xml/bind/jakarta.xml.bind-api/4.0.0/jakarta.xml.bind-api-4.0.0.jar:/Users/sergejivanov/.m2/repository/org/assertj/assertj-core/3.23.1/assertj-core-3.23.1.jar:/Users/sergejivanov/.m2/repository/org/hamcrest/hamcrest/2.2/hamcrest-2.2.jar:/Users/sergejivanov/.m2/repository/org/junit/jupiter/junit-jupiter/5.9.2/junit-jupiter-5.9.2.jar:/Users/sergejivanov/.m2/repository/org/junit/jupiter/junit-jupiter-api/5.9.2/junit-jupiter-api-5.9.2.jar:/Users/sergejivanov/.m2/repository/org/opentest4j/opentest4j/1.2.0/opentest4j-1.2.0.jar:/Users/sergejivanov/.m2/repository/org/junit/platform/junit-platform-commons/1.9.2/junit-platform-commons-1.9.2.jar:/Users/sergejivanov/.m2/repository/org/apiguardian/apiguardian-api/1.1.2/apiguardian-api-1.1.2.jar:/Users/sergejivanov/.m2/repository/org/junit/jupiter/junit-jupiter-params/5.9.2/junit-jupiter-params-5.9.2.jar:/Users/sergejivanov/.m2/repository/org/junit/jupiter/junit-jupiter-engine/5.9.2/junit-jupiter-engine-5.9.2.jar:/Users/sergejivanov/.m2/repository/org/junit/platform/junit-platform-engine/1.9.2/junit-platform-engine-1.9.2.jar:/Users/sergejivanov/.m2/repository/org/mockito/mockito-junit-jupiter/4.8.1/mockito-junit-jupiter-4.8.1.jar:/Users/sergejivanov/.m2/repository/org/skyscreamer/jsonassert/1.5.1/jsonassert-1.5.1.jar:/Users/sergejivanov/.m2/repository/com/vaadin/external/google/android-json/0.0.20131108.vaadin1/android-json-0.0.20131108.vaadin1.jar:/Users/sergejivanov/.m2/repository/org/xmlunit/xmlunit-core/2.9.1/xmlunit-core-2.9.1.jar:/Users/sergejivanov/.m2/repository/org/springframework/boot/spring-boot-starter-validation/3.0.3/spring-boot-starter-validation-3.0.3.jar:/Users/sergejivanov/.m2/repository/org/apache/tomcat/embed/tomcat-embed-el/10.1.5/tomcat-embed-el-10.1.5.jar:/Users/sergejivanov/.m2/repository/org/hibernate/validator/hibernate-validator/8.0.0.Final/hibernate-validator-8.0.0.Final.jar:/Users/sergejivanov/.m2/repository/jakarta/validation/jakarta.validation-api/3.0.2/jakarta.validation-api-3.0.2.jar:/Users/sergejivanov/.m2/repository/org/postgresql/postgresql/42.5.4/postgresql-42.5.4.jar:/Users/sergejivanov/.m2/repository/org/checkerframework/checker-qual/3.5.0/checker-qual-3.5.0.jar:/Users/sergejivanov/.m2/repository/commons-validator/commons-validator/1.7/commons-validator-1.7.jar:/Users/sergejivanov/.m2/repository/commons-beanutils/commons-beanutils/1.9.4/commons-beanutils-1.9.4.jar:/Users/sergejivanov/.m2/repository/commons-digester/commons-digester/2.1/commons-digester-2.1.jar:/Users/sergejivanov/.m2/repository/commons-logging/commons-logging/1.2/commons-logging-1.2.jar:/Users/sergejivanov/.m2/repository/commons-collections/commons-collections/3.2.2/commons-collections-3.2.2.jar:/Users/sergejivanov/.m2/repository/org/mockito/mockito-core/5.2.0/mockito-core-5.2.0.jar:/Users/sergejivanov/.m2/repository/net/bytebuddy/byte-buddy/1.12.23/byte-buddy-1.12.23.jar:/Users/sergejivanov/.m2/repository/net/bytebuddy/byte-buddy-agent/1.12.23/byte-buddy-agent-1.12.23.jar:/Users/sergejivanov/.m2/repository/org/objenesis/objenesis/3.3/objenesis-3.3.jar:/Users/sergejivanov/.m2/repository/org/projectlombok/lombok/1.18.26/lombok-1.18.26.jar:/Users/sergejivanov/.m2/repository/org/hibernate/orm/hibernate-core/6.1.7.Final/hibernate-core-6.1.7.Final.jar:/Users/sergejivanov/.m2/repository/jakarta/persistence/jakarta.persistence-api/3.1.0/jakarta.persistence-api-3.1.0.jar:/Users/sergejivanov/.m2/repository/jakarta/transaction/jakarta.transaction-api/2.0.1/jakarta.transaction-api-2.0.1.jar:/Users/sergejivanov/.m2/repository/org/jboss/logging/jboss-logging/3.5.0.Final/jboss-logging-3.5.0.Final.jar:/Users/sergejivanov/.m2/repository/org/hibernate/common/hibernate-commons-annotations/6.0.6.Final/hibernate-commons-annotations-6.0.6.Final.jar:/Users/sergejivanov/.m2/repository/org/jboss/jandex/2.4.2.Final/jandex-2.4.2.Final.jar:/Users/sergejivanov/.m2/repository/com/fasterxml/classmate/1.5.1/classmate-1.5.1.jar:/Users/sergejivanov/.m2/repository/org/glassfish/jaxb/jaxb-runtime/4.0.2/jaxb-runtime-4.0.2.jar:/Users/sergejivanov/.m2/repository/org/glassfish/jaxb/jaxb-core/4.0.2/jaxb-core-4.0.2.jar:/Users/sergejivanov/.m2/repository/org/glassfish/jaxb/txw2/4.0.2/txw2-4.0.2.jar:/Users/sergejivanov/.m2/repository/com/sun/istack/istack-commons-runtime/4.1.1/istack-commons-runtime-4.1.1.jar:/Users/sergejivanov/.m2/repository/jakarta/inject/jakarta.inject-api/2.0.0/jakarta.inject-api-2.0.0.jar:/Users/sergejivanov/.m2/repository/org/antlr/antlr4-runtime/4.10.1/antlr4-runtime-4.10.1.jar:/Users/sergejivanov/.m2/repository/org/mapstruct/mapstruct/1.5.3.Final/mapstruct-1.5.3.Final.jar:/Users/sergejivanov/.m2/repository/org/mapstruct/mapstruct-processor/1.5.3.Final/mapstruct-processor-1.5.3.Final.jar:/Users/sergejivanov/.m2/repository/net/andreinc/mockneat/0.4.8/mockneat-0.4.8.jar:/Users/sergejivanov/.m2/repository/org/apache/commons/commons-lang3/3.12.0/commons-lang3-3.12.0.jar:/Users/sergejivanov/.m2/repository/org/apache/commons/commons-text/1.9/commons-text-1.9.jar:/Users/sergejivanov/.m2/repository/commons-codec/commons-codec/1.15/commons-codec-1.15.jar:/Users/sergejivanov/.m2/repository/com/github/mifmif/generex/1.0.2/generex-1.0.2.jar:/Users/sergejivanov/.m2/repository/dk/brics/automaton/automaton/1.11-8/automaton-1.11-8.jar:/Users/sergejivanov/.m2/repository/net/andreinc/aleph/0.1.1/aleph-0.1.1.jar:/Users/sergejivanov/.m2/repository/net/andreinc/markovneat/1.8/markovneat-1.8.jar:/Users/sergejivanov/.m2/repository/org/springdoc/springdoc-openapi-starter-webmvc-ui/2.0.4/springdoc-openapi-starter-webmvc-ui-2.0.4.jar:/Users/sergejivanov/.m2/repository/org/springdoc/springdoc-openapi-starter-webmvc-api/2.0.4/springdoc-openapi-starter-webmvc-api-2.0.4.jar:/Users/sergejivanov/.m2/repository/org/springdoc/springdoc-openapi-starter-common/2.0.4/springdoc-openapi-starter-common-2.0.4.jar:/Users/sergejivanov/.m2/repository/io/swagger/core/v3/swagger-core-jakarta/2.2.8/swagger-core-jakarta-2.2.8.jar:/Users/sergejivanov/.m2/repository/io/swagger/core/v3/swagger-annotations-jakarta/2.2.8/swagger-annotations-jakarta-2.2.8.jar:/Users/sergejivanov/.m2/repository/io/swagger/core/v3/swagger-models-jakarta/2.2.8/swagger-models-jakarta-2.2.8.jar:/Users/sergejivanov/.m2/repository/com/fasterxml/jackson/dataformat/jackson-dataformat-yaml/2.14.2/jackson-dataformat-yaml-2.14.2.jar:/Users/sergejivanov/.m2/repository/org/webjars/webjars-locator-core/0.52/webjars-locator-core-0.52.jar:/Users/sergejivanov/.m2/repository/io/github/classgraph/classgraph/4.8.149/classgraph-4.8.149.jar:/Users/sergejivanov/.m2/repository/org/webjars/swagger-ui/4.18.1/swagger-ui-4.18.1.jar:/Users/sergejivanov/.m2/repository/javax/servlet/javax.servlet-api/4.0.1/javax.servlet-api-4.0.1.jar:/Users/sergejivanov/.m2/repository/org/aspectj/aspectjrt/1.9.5/aspectjrt-1.9.5.jar:"/>
    <property name="sun.cpu.endian" value="little"/>
    <property name="user.home" value="/Users/sergejivanov"/>
    <property name="user.language" value="en"/>
    <property name="java.specification.vendor" value="Oracle Corporation"/>
    <property name="java.version.date" value="2022-09-20"/>
    <property name="java.home" value="/Library/Java/JavaVirtualMachines/jdk-19.jdk/Contents/Home"/>
    <property name="file.separator" value="/"/>
    <property name="basedir" value="/Users/sergejivanov/IdeaProjects/TelProject"/>
    <property name="java.vm.compressedOopsMode" value="Zero based"/>
    <property name="line.separator" value="&#10;"/>
    <property name="java.vm.specification.vendor" value="Oracle Corporation"/>
    <property name="java.specification.name" value="Java Platform API Specification"/>
    <property name="apple.awt.application.name" value="ForkedBooter"/>
    <property name="surefire.real.class.path" value="/Users/sergejivanov/IdeaProjects/TelProject/target/surefire/surefirebooter8668837155439662605.jar"/>
    <property name="sun.management.compiler" value="HotSpot 64-Bit Tiered Compilers"/>
    <property name="ftp.nonProxyHosts" value="local|*.local|169.254/16|*.169.254/16"/>
    <property name="java.runtime.version" value="19+36-2238"/>
    <property name="user.name" value="sergejivanov"/>
    <property name="stdout.encoding" value="UTF-8"/>
    <property name="path.separator" value=":"/>
    <property name="os.version" value="13.3.1"/>
    <property name="java.runtime.name" value="Java(TM) SE Runtime Environment"/>
    <property name="file.encoding" value="UTF-8"/>
    <property name="java.vm.name" value="Java HotSpot(TM) 64-Bit Server VM"/>
    <property name="localRepository" value="/Users/sergejivanov/.m2/repository"/>
    <property name="java.vendor.url.bug" value="https://bugreport.java.com/bugreport/"/>
    <property name="java.io.tmpdir" value="/var/folders/cy/g7z7903x2kx5dl0hgl6__c_40000gn/T/"/>
    <property name="idea.version" value="2022.3.2"/>
    <property name="java.version" value="19"/>
    <property name="user.dir" value="/Users/sergejivanov/IdeaProjects/TelProject"/>
    <property name="os.arch" value="aarch64"/>
    <property name="java.vm.specification.name" value="Java Virtual Machine Specification"/>
    <property name="native.encoding" value="UTF-8"/>
    <property name="java.library.path" value="/Users/sergejivanov/Library/Java/Extensions:/Library/Java/Extensions:/Network/Library/Java/Extensions:/System/Library/Java/Extensions:/usr/lib/java:."/>
    <property name="java.vm.info" value="mixed mode, sharing"/>
    <property name="stderr.encoding" value="UTF-8"/>
    <property name="java.vendor" value="Oracle Corporation"/>
    <property name="java.vm.version" value="19+36-2238"/>
    <property name="sun.io.unicode.encoding" value="UnicodeBig"/>
    <property name="socksNonProxyHosts" value="local|*.local|169.254/16|*.169.254/16"/>
    <property name="java.class.version" value="63.0"/>
  </properties>
  <testcase name="findManagerByIdException" classname="com.example.telproject.service.ManagerServiceTest" time="0.003"/>
  <testcase name="addNewManagerEmailRegisteredException" classname="com.example.telproject.service.ManagerServiceTest" time="0.001"/>
  <testcase name="addNewManagerEmailException" classname="com.example.telproject.service.ManagerServiceTest" time="0.005"/>
  <testcase name="updateManager" classname="com.example.telproject.service.ManagerServiceTest" time="0.002"/>
  <testcase name="addNewManagerExistsException" classname="com.example.telproject.service.ManagerServiceTest" time="0.001"/>
  <testcase name="updateManagerException" classname="com.example.telproject.service.ManagerServiceTest" time="0.001"/>
  <testcase name="findManagerById" classname="com.example.telproject.service.ManagerServiceTest" time="0.001"/>
  <testcase name="addNewManager" classname="com.example.telproject.service.ManagerServiceTest" time="0.002"/>
  <testcase name="findManagerByName" classname="com.example.telproject.service.ManagerServiceTest" time="0.001"/>
  <testcase name="findByNameException" classname="com.example.telproject.service.ManagerServiceTest" time="0.001"/>
</testsuite>